{"name": "test_loginFailMethod", "status": "failed", "statusDetails": {"message": "AssertionError", "trace": "self = <Appium_Framework_2.tests.loginTest.LoginTest testMethod=test_loginFailMethod>\n\n    @pytest.mark.run(order=3)\n    def test_loginFailMethod(self):\n        cl.allureLogs(\"Opening app\")\n        self.gt.clickLoginButton()\n        self.gt.enterEmail()\n        self.gt.enterPassword2()\n        self.gt.clickLoginB()\n>       self.gt.verifyAdminScreen()\n\nloginTest.py:44: \n_ _ _ _ _ _ _ _ _ _ _ _ _ _ _ _ _ _ _ _ _ _ _ _ _ _ _ _ _ _ _ _ _ _ _ _ _ _ _ _ _ _ _ _ _ _ _ _ _ _ _ _ _ _ _ _ _ _ _ _ _ _ _ _ _ _ _ _ _ _ _ _ _ _ _ _ _ _ _ _ _ _ _ _ _ _ _ _ _ _ _ _ _ _ _ _ _ _ _ _ _ _ _ _ _ _ _ _ _ _ _ _ _ _\n\nself = <Appium_Framework_2.pages.LoginPage.LoginPageTest object at 0x7f07f2271518>\n\n    def verifyAdminScreen(self):\n        adminScreen = self.isDisplayed(self._pageTitle,\"text\")\n>       assert adminScreen == True\nE       AssertionError\n\n../pages/LoginPage.py:43: AssertionError"}, "steps": [{"name": "Opening app", "status": "passed", "start": 1628842623439, "stop": 1628842623439}, {"name": "Click on login Button", "status": "passed", "start": 1628842624112, "stop": 1628842624112}, {"name": "entered email id", "status": "passed", "start": 1628842625602, "stop": 1628842625602}, {"name": "entered password", "status": "passed", "start": 1628842626726, "stop": 1628842626726}, {"name": "lciked on login button in login screen", "status": "passed", "start": 1628842627338, "stop": 1628842627338}], "attachments": [{"name": "log", "source": "5f6706f0-c2e5-4542-a153-86fe7bef8aa9-attachment.txt", "type": "text/plain"}], "start": 1628842623438, "stop": 1628842652349, "uuid": "36956948-a10d-4566-909c-416a73956aab", "historyId": "845cb5a392f2d32ecb232746efc89f6b", "testCaseId": "0a12f0ee346c8eac87f3b0f12b623552", "fullName": "Test_Suits.LoginTest#test_loginFailMethod", "labels": [{"name": "tag", "value": "run(order=3)"}, {"name": "tag", "value": "@pytest.mark.usefixtures('beforeClass', 'beforeMethod')"}, {"name": "suite", "value": "Test_Suits"}, {"name": "subSuite", "value": "LoginTest"}, {"name": "host", "value": "rahul-ThinkPad-P14s-Gen-1"}, {"name": "thread", "value": "6775-MainThread"}, {"name": "framework", "value": "pytest"}, {"name": "language", "value": "cpython3"}, {"name": "package", "value": "Test_Suits"}]}